<?xml version="1.0" encoding="UTF-8"?>
<testng-results ignored="0" total="1" passed="1" failed="0" skipped="0">
  <reporter-output>
  </reporter-output>
  <suite started-at="2026-04-28T17:55:54 IST" name="TestSuite" finished-at="2026-04-28T17:56:00 IST" duration-ms="6581">
    <groups>
    </groups>
    <test started-at="2026-04-28T17:55:54 IST" name="LoginTest" finished-at="2026-04-28T17:56:00 IST" duration-ms="6581">
      <class name="TestNGDemo">
        <test-method signature="loginTest()[pri:0, instance:TestNGDemo@143640d5]" started-at="2026-04-28T17:55:54 IST" name="loginTest" finished-at="2026-04-28T17:56:00 IST" duration-ms="6550" status="PASS">
          <reporter-output>
          </reporter-output>
        </test-method> <!-- loginTest -->
      </class> <!-- TestNGDemo -->
    </test> <!-- LoginTest -->
  </suite> <!-- TestSuite -->
</testng-results>
